<?xml version="1.0" encoding="UTF-8"?>
<!-- Generated by org.testng.reporters.JUnitReportReporter -->
<testsuite skipped="0" hostname="DESKTOP-2UNIBQB" name="viveZana.Prueba" tests="1" failures="0" timestamp="2021-09-12T22:40:45 CLST" time="2.143" errors="0">
  <testcase name="f" time="2.143" classname="viveZana.Prueba"/>
  <system-out/>
</testsuite> <!-- viveZana.Prueba -->
