<?xml version="1.0" encoding="UTF-8"?>
<!-- Generated by org.testng.reporters.JUnitReportReporter -->
<testsuite skipped="0" hostname="DESKTOP-2UNIBQB" name="viveZana.Prueba" tests="1" failures="0" timestamp="2021-09-13T13:54:12 CLST" time="0.087" errors="0">
  <testcase name="google" time="0.087" classname="viveZana.Prueba"/>
  <system-out/>
</testsuite> <!-- viveZana.Prueba -->
